Initial population obtained!
Forming Fragments! 
    Fragment creation: 0/10000
    Fragment creation: 1000/10000
    Fragment creation: 2000/10000
    Fragment creation: 3000/10000
    Fragment creation: 4000/10000
    Fragment creation: 5000/10000
    Fragment creation: 6000/10000
    Fragment creation: 7000/10000
    Fragment creation: 8000/10000
    Fragment creation: 9000/10000
On generation 0/200
    (Explr) Top Fitness: 1.0
    (Explr) Top Smile: CCCNCCNC1=C(C)C=C(C)CC(O)=C([N+](=O)[O-])C=CNCC(=PNCC)C1
    (Local) Top Fitness: 1.0
    (local) Top Smile: FC#CC=CC=NCl
    Training Neural Net
        Epoch:0 Loss:0.4650643467903137
        Epoch:400 Loss:0.026723667979240417
        Epoch:800 Loss:0.00911055225878954
        Epoch:1200 Loss:0.004540133289992809
        Epoch:1600 Loss:0.0027478057891130447
    Obtaining Predictions
